Using pre-set license
Built from '2020.3/staging' branch; Version is '2020.3.4f1 (0abb6314276a) revision 703331'; Using compiler version '192528614'; Build Type 'Release'
OS: 'Windows 10 Home Single Language; OS build 19042.928; Version 2009; 64bit' Language: 'ru' Physical Memory: 16311 MB
BatchMode: 1, IsHumanControllingUs: 0, StartBugReporterOnCrash: 0, Is64bit: 1, IsPro: 0

 COMMAND LINE ARGUMENTS:
C:\Program Files\Unity\2020.3.4f1\Editor\Unity.exe
-adb2
-batchMode
-noUpm
-name
AssetImportWorker0
-projectPath
C:/Users/rdlit/Desktop/tests/2048 with physics
-logFile
Logs/AssetImportWorker0.log
-srvPort
59571
Successfully changed project path to: C:/Users/rdlit/Desktop/tests/2048 with physics
C:/Users/rdlit/Desktop/tests/2048 with physics
Using Asset Import Pipeline V2.
Refreshing native plugins compatible for Editor in 24.38 ms, found 0 plugins.
Preloading 0 native plugins for Editor in 0.00 ms.
Initialize engine version: 2020.3.4f1 (0abb6314276a)
[Subsystems] Discovering subsystems at path C:/Program Files/Unity/2020.3.4f1/Editor/Data/Resources/UnitySubsystems
[Subsystems] Discovering subsystems at path C:/Users/rdlit/Desktop/tests/2048 with physics/Assets
GfxDevice: creating device client; threaded=0
Direct3D:
    Version:  Direct3D 11.0 [level 11.1]
    Renderer: NVIDIA GeForce GTX 1660 (ID=0x2184)
    Vendor:   
    VRAM:     5992 MB
    Driver:   27.21.14.6192
Initialize mono
Mono path[0] = 'C:/Program Files/Unity/2020.3.4f1/Editor/Data/Managed'
Mono path[1] = 'C:/Program Files/Unity/2020.3.4f1/Editor/Data/MonoBleedingEdge/lib/mono/unityjit'
Mono config path = 'C:/Program Files/Unity/2020.3.4f1/Editor/Data/MonoBleedingEdge/etc'
Using monoOptions --debugger-agent=transport=dt_socket,embedding=1,server=y,suspend=n,address=127.0.0.1:56216
Begin MonoManager ReloadAssembly
Registering precompiled unity dll's ...
Register platform support module: C:/Program Files/Unity/2020.3.4f1/Editor/Data/PlaybackEngines/WindowsStandaloneSupport/UnityEditor.WindowsStandalone.Extensions.dll
Registered in 0.001397 seconds.
Native extension for WindowsStandalone target not found
Refreshing native plugins compatible for Editor in 21.22 ms, found 0 plugins.
Preloading 0 native plugins for Editor in 0.00 ms.
Mono: successfully reloaded assembly
- Completed reload, in  1.324 seconds
Platform modules already initialized, skipping
Registering precompiled user dll's ...
Registered in 0.000535 seconds.
Begin MonoManager ReloadAssembly
Native extension for WindowsStandalone target not found
Refreshing native plugins compatible for Editor in 0.19 ms, found 0 plugins.
Preloading 0 native plugins for Editor in 0.00 ms.
Mono: successfully reloaded assembly
- Completed reload, in  0.700 seconds
Platform modules already initialized, skipping
========================================================================
Worker process is ready to serve import requests
Launched and connected shader compiler UnityShaderCompiler.exe after 0.03 seconds
Refreshing native plugins compatible for Editor in 0.18 ms, found 0 plugins.
Preloading 0 native plugins for Editor in 0.00 ms.
Unloading 1120 Unused Serialized files (Serialized files now loaded: 0)
System memory in use before: 57.3 MB.
System memory in use after: 57.3 MB.

Unloading 10 unused Assets to reduce memory usage. Loaded Objects now: 1561.
Total: 1.391200 ms (FindLiveObjects: 0.126400 ms CreateObjectMapping: 0.031800 ms MarkObjects: 1.171700 ms  DeleteObjects: 0.060700 ms)

========================================================================
Received Import Request.
  path: Assets/Scenes/GameSceneSettings.lighting
  artifactKey: Guid(902e3ea587864c341acc4bfb5e02fc02) Importer(815301076,1909f56bfc062723c751e8b465ee728b)
Start importing Assets/Scenes/GameSceneSettings.lighting using Guid(902e3ea587864c341acc4bfb5e02fc02) Importer(815301076,1909f56bfc062723c751e8b465ee728b)  -> (artifact id: '4a5babec01441ff0c788ac617037ab12') in 0.025318 seconds
  Import took 0.026976 seconds .

========================================================================
Received Import Request.
  Time since last request: 0.000178 seconds.
  path: Assets/Scenes/GameScene.unity
  artifactKey: Guid(9fc0d4010bbf28b4594072e72b8655ab) Importer(815301076,1909f56bfc062723c751e8b465ee728b)
Start importing Assets/Scenes/GameScene.unity using Guid(9fc0d4010bbf28b4594072e72b8655ab) Importer(815301076,1909f56bfc062723c751e8b465ee728b)  -> (artifact id: 'f34c48a46206c6064a2a7fc27b274b6a') in 0.001875 seconds
  Import took 0.003523 seconds .

========================================================================
Received Import Request.
  Time since last request: 1.130198 seconds.
  path: Assets/Scenes/GameSceneSettings.lighting
  artifactKey: Guid(902e3ea587864c341acc4bfb5e02fc02) Importer(815301076,1909f56bfc062723c751e8b465ee728b)
Start importing Assets/Scenes/GameSceneSettings.lighting using Guid(902e3ea587864c341acc4bfb5e02fc02) Importer(815301076,1909f56bfc062723c751e8b465ee728b)  -> (artifact id: '4a5babec01441ff0c788ac617037ab12') in 0.001916 seconds
  Import took 0.003512 seconds .

========================================================================
Received Prepare
Registering precompiled user dll's ...
Registered in 0.000517 seconds.
Begin MonoManager ReloadAssembly
Native extension for WindowsStandalone target not found
Refreshing native plugins compatible for Editor in 0.18 ms, found 0 plugins.
Preloading 0 native plugins for Editor in 0.00 ms.
Mono: successfully reloaded assembly
- Completed reload, in  0.665 seconds
Platform modules already initialized, skipping
Switching build target platform(5) subTarget(0) extendedPlatform(0) -> platform(13) subTarget(537395200) extendedPlatform(0)
Refreshing native plugins compatible for Editor in 0.17 ms, found 0 plugins.
Preloading 0 native plugins for Editor in 0.00 ms.
Unloading 1118 Unused Serialized files (Serialized files now loaded: 0)
System memory in use before: 57.2 MB.
System memory in use after: 57.3 MB.

Unloading 5 unused Assets to reduce memory usage. Loaded Objects now: 1564.
Total: 1.337200 ms (FindLiveObjects: 0.115000 ms CreateObjectMapping: 0.027900 ms MarkObjects: 1.155900 ms  DeleteObjects: 0.037700 ms)

AssetImportParameters requested are different than current active one (requested -> active):
  custom:graphics/normal-map-encoding: 01000000000000000000000000000000 -> 02000000000000000000000000000000
========================================================================
Received Import Request.
  Time since last request: 130.661716 seconds.
  path: Assets/Prefabs/Cubes/4 Variant.prefab
  artifactKey: Guid(0f52081c69d5f3d438b05b0da18f3a27) Importer(815301076,1909f56bfc062723c751e8b465ee728b)
Start importing Assets/Prefabs/Cubes/4 Variant.prefab using Guid(0f52081c69d5f3d438b05b0da18f3a27) Importer(815301076,1909f56bfc062723c751e8b465ee728b)  -> (artifact id: '451048eb31ab5d56e04e9190255fbd25') in 0.078796 seconds
  Import took 0.080533 seconds .

========================================================================
Received Import Request.
  Time since last request: 6.940499 seconds.
  path: Assets/Prefabs/Cubes/4 Variant.prefab
  artifactKey: Guid(0f52081c69d5f3d438b05b0da18f3a27) Importer(815301076,1909f56bfc062723c751e8b465ee728b)
Start importing Assets/Prefabs/Cubes/4 Variant.prefab using Guid(0f52081c69d5f3d438b05b0da18f3a27) Importer(815301076,1909f56bfc062723c751e8b465ee728b)  -> (artifact id: '5c087f50f4256ac0a8994f3f324df451') in 0.009368 seconds
  Import took 0.011270 seconds .

========================================================================
Received Import Request.
  Time since last request: 0.257647 seconds.
  path: Assets/Prefabs/Cubes/8 Variant.prefab
  artifactKey: Guid(50e23a9fa1447d7478a0c151a831ed6f) Importer(815301076,1909f56bfc062723c751e8b465ee728b)
Start importing Assets/Prefabs/Cubes/8 Variant.prefab using Guid(50e23a9fa1447d7478a0c151a831ed6f) Importer(815301076,1909f56bfc062723c751e8b465ee728b)  -> (artifact id: '01539448eb33541e45800acc367fea8c') in 0.010831 seconds
  Import took 0.012609 seconds .

========================================================================
Received Import Request.
  Time since last request: 3.465385 seconds.
  path: Assets/Prefabs/Cubes/16 Variant.prefab
  artifactKey: Guid(f33d3a08349184d4a80cfb72ef04cb83) Importer(815301076,1909f56bfc062723c751e8b465ee728b)
Start importing Assets/Prefabs/Cubes/16 Variant.prefab using Guid(f33d3a08349184d4a80cfb72ef04cb83) Importer(815301076,1909f56bfc062723c751e8b465ee728b)  -> (artifact id: '9f693aa24f01ad4482f7d21fc9949845') in 0.010971 seconds
  Import took 0.012925 seconds .

========================================================================
Received Import Request.
  Time since last request: 2.276317 seconds.
  path: Assets/Prefabs/Cubes/32 Variant.prefab
  artifactKey: Guid(bdbc85ecb9559044e875d3e56e17195f) Importer(815301076,1909f56bfc062723c751e8b465ee728b)
Start importing Assets/Prefabs/Cubes/32 Variant.prefab using Guid(bdbc85ecb9559044e875d3e56e17195f) Importer(815301076,1909f56bfc062723c751e8b465ee728b)  -> (artifact id: '5e9bbbfed5082d9ee613f90a8a846fd5') in 0.010483 seconds
  Import took 0.012396 seconds .

========================================================================
Received Import Request.
  Time since last request: 2.641473 seconds.
  path: Assets/Prefabs/Cubes/64 Variant.prefab
  artifactKey: Guid(0e77e959052f0e649a38fa1011b9bda0) Importer(815301076,1909f56bfc062723c751e8b465ee728b)
Start importing Assets/Prefabs/Cubes/64 Variant.prefab using Guid(0e77e959052f0e649a38fa1011b9bda0) Importer(815301076,1909f56bfc062723c751e8b465ee728b)  -> (artifact id: '4480f0eaaad5f827f815103ceeb0263e') in 0.009773 seconds
  Import took 0.011878 seconds .

========================================================================
Received Import Request.
  Time since last request: 2.928110 seconds.
  path: Assets/Prefabs/Cubes/128 Variant.prefab
  artifactKey: Guid(e296346854ea83b42aeef54ad593ebab) Importer(815301076,1909f56bfc062723c751e8b465ee728b)
Start importing Assets/Prefabs/Cubes/128 Variant.prefab using Guid(e296346854ea83b42aeef54ad593ebab) Importer(815301076,1909f56bfc062723c751e8b465ee728b)  -> (artifact id: '05e6a60fefd59324e89527d986805dc2') in 0.010911 seconds
  Import took 0.012741 seconds .

========================================================================
Received Import Request.
  Time since last request: 2.256427 seconds.
  path: Assets/Prefabs/Cubes/256 Variant.prefab
  artifactKey: Guid(1c12b3b9b5bc2e943b58932d68de8450) Importer(815301076,1909f56bfc062723c751e8b465ee728b)
Start importing Assets/Prefabs/Cubes/256 Variant.prefab using Guid(1c12b3b9b5bc2e943b58932d68de8450) Importer(815301076,1909f56bfc062723c751e8b465ee728b)  -> (artifact id: 'fa53eb6ea000568eaeb1163c5bc8288b') in 0.012238 seconds
  Import took 0.013983 seconds .

========================================================================
Received Import Request.
  Time since last request: 1.973340 seconds.
  path: Assets/Prefabs/Cubes/512 Variant.prefab
  artifactKey: Guid(6ce582a9773de20448326cbe61ab1e35) Importer(815301076,1909f56bfc062723c751e8b465ee728b)
Start importing Assets/Prefabs/Cubes/512 Variant.prefab using Guid(6ce582a9773de20448326cbe61ab1e35) Importer(815301076,1909f56bfc062723c751e8b465ee728b)  -> (artifact id: 'c969e66a91ce6fcd7cac9642ce5ff432') in 0.010577 seconds
  Import took 0.012425 seconds .

========================================================================
Received Import Request.
  Time since last request: 1.947119 seconds.
  path: Assets/Prefabs/Cubes/1024 Variant.prefab
  artifactKey: Guid(466478b1a37d8a4428742373dbc758a5) Importer(815301076,1909f56bfc062723c751e8b465ee728b)
Start importing Assets/Prefabs/Cubes/1024 Variant.prefab using Guid(466478b1a37d8a4428742373dbc758a5) Importer(815301076,1909f56bfc062723c751e8b465ee728b)  -> (artifact id: 'd21b17de256ba9d2197cfe512191e7c9') in 0.010877 seconds
  Import took 0.012657 seconds .

========================================================================
Received Import Request.
  Time since last request: 3.159268 seconds.
  path: Assets/Prefabs/Cubes/2048 Variant.prefab
  artifactKey: Guid(39e6757d2072efa438f82eafb5fde158) Importer(815301076,1909f56bfc062723c751e8b465ee728b)
Start importing Assets/Prefabs/Cubes/2048 Variant.prefab using Guid(39e6757d2072efa438f82eafb5fde158) Importer(815301076,1909f56bfc062723c751e8b465ee728b)  -> (artifact id: '2d106657eea4a977d152de33da34994e') in 0.010737 seconds
  Import took 0.012530 seconds .

========================================================================
Received Import Request.
  Time since last request: 3.881159 seconds.
  path: Assets/Prefabs/Cubes/2048 Variant.prefab
  artifactKey: Guid(39e6757d2072efa438f82eafb5fde158) Importer(815301076,1909f56bfc062723c751e8b465ee728b)
Start importing Assets/Prefabs/Cubes/2048 Variant.prefab using Guid(39e6757d2072efa438f82eafb5fde158) Importer(815301076,1909f56bfc062723c751e8b465ee728b)  -> (artifact id: 'bb7c1e74d69c64ad4c3c7cc0d5659a19') in 0.015189 seconds
  Import took 0.016967 seconds .

========================================================================
Received Import Request.
  Time since last request: 4.995895 seconds.
  path: Assets/Prefabs/Cubes/1024 Variant.prefab
  artifactKey: Guid(466478b1a37d8a4428742373dbc758a5) Importer(815301076,1909f56bfc062723c751e8b465ee728b)
Start importing Assets/Prefabs/Cubes/1024 Variant.prefab using Guid(466478b1a37d8a4428742373dbc758a5) Importer(815301076,1909f56bfc062723c751e8b465ee728b)  -> (artifact id: 'c03fac0744ecbc87330e779551c36a4c') in 0.007500 seconds
  Import took 0.009309 seconds .

========================================================================
Received Import Request.
  Time since last request: 0.156003 seconds.
  path: Assets/Prefabs/Cubes/512 Variant.prefab
  artifactKey: Guid(6ce582a9773de20448326cbe61ab1e35) Importer(815301076,1909f56bfc062723c751e8b465ee728b)
Start importing Assets/Prefabs/Cubes/512 Variant.prefab using Guid(6ce582a9773de20448326cbe61ab1e35) Importer(815301076,1909f56bfc062723c751e8b465ee728b)  -> (artifact id: '9ef2dccf9f7bcb221da2ba37c6ad6538') in 0.007290 seconds
  Import took 0.009146 seconds .

========================================================================
Received Import Request.
  Time since last request: 0.149661 seconds.
  path: Assets/Prefabs/Cubes/256 Variant.prefab
  artifactKey: Guid(1c12b3b9b5bc2e943b58932d68de8450) Importer(815301076,1909f56bfc062723c751e8b465ee728b)
Start importing Assets/Prefabs/Cubes/256 Variant.prefab using Guid(1c12b3b9b5bc2e943b58932d68de8450) Importer(815301076,1909f56bfc062723c751e8b465ee728b)  -> (artifact id: '81002d1161af803dcb83cd58bafc12f1') in 0.008052 seconds
  Import took 0.009851 seconds .

========================================================================
Received Import Request.
  Time since last request: 0.149736 seconds.
  path: Assets/Prefabs/Cubes/128 Variant.prefab
  artifactKey: Guid(e296346854ea83b42aeef54ad593ebab) Importer(815301076,1909f56bfc062723c751e8b465ee728b)
Start importing Assets/Prefabs/Cubes/128 Variant.prefab using Guid(e296346854ea83b42aeef54ad593ebab) Importer(815301076,1909f56bfc062723c751e8b465ee728b)  -> (artifact id: '7318878a6a55d1a0e91b4ad4a182d815') in 0.008267 seconds
  Import took 0.009994 seconds .

========================================================================
Received Import Request.
  Time since last request: 0.145805 seconds.
  path: Assets/Prefabs/Cubes/64 Variant.prefab
  artifactKey: Guid(0e77e959052f0e649a38fa1011b9bda0) Importer(815301076,1909f56bfc062723c751e8b465ee728b)
Start importing Assets/Prefabs/Cubes/64 Variant.prefab using Guid(0e77e959052f0e649a38fa1011b9bda0) Importer(815301076,1909f56bfc062723c751e8b465ee728b)  -> (artifact id: '6cb4a57ee961afba8b1c4a9c5d9aeb9e') in 0.007600 seconds
  Import took 0.009432 seconds .

========================================================================
Received Import Request.
  Time since last request: 0.171001 seconds.
  path: Assets/Prefabs/Cubes/32 Variant.prefab
  artifactKey: Guid(bdbc85ecb9559044e875d3e56e17195f) Importer(815301076,1909f56bfc062723c751e8b465ee728b)
Start importing Assets/Prefabs/Cubes/32 Variant.prefab using Guid(bdbc85ecb9559044e875d3e56e17195f) Importer(815301076,1909f56bfc062723c751e8b465ee728b)  -> (artifact id: '51f211acfb44865a2fb25d1e4408fae4') in 0.008840 seconds
  Import took 0.010650 seconds .

========================================================================
Received Import Request.
  Time since last request: 0.165285 seconds.
  path: Assets/Prefabs/Cubes/16 Variant.prefab
  artifactKey: Guid(f33d3a08349184d4a80cfb72ef04cb83) Importer(815301076,1909f56bfc062723c751e8b465ee728b)
Start importing Assets/Prefabs/Cubes/16 Variant.prefab using Guid(f33d3a08349184d4a80cfb72ef04cb83) Importer(815301076,1909f56bfc062723c751e8b465ee728b)  -> (artifact id: '644e7c95e93ce6cf16d65d56d8337ea1') in 0.007232 seconds
  Import took 0.008981 seconds .

========================================================================
Received Import Request.
  Time since last request: 0.167055 seconds.
  path: Assets/Prefabs/Cubes/8 Variant.prefab
  artifactKey: Guid(50e23a9fa1447d7478a0c151a831ed6f) Importer(815301076,1909f56bfc062723c751e8b465ee728b)
Start importing Assets/Prefabs/Cubes/8 Variant.prefab using Guid(50e23a9fa1447d7478a0c151a831ed6f) Importer(815301076,1909f56bfc062723c751e8b465ee728b)  -> (artifact id: '8cefd2c04f29782cde4acc164a89ef3c') in 0.007252 seconds
  Import took 0.008964 seconds .

========================================================================
Received Import Request.
  Time since last request: 0.345906 seconds.
  path: Assets/Prefabs/Cubes/2 Variant.prefab
  artifactKey: Guid(8fd2468b8e6e55d4d812ea8cb9cfc21f) Importer(815301076,1909f56bfc062723c751e8b465ee728b)
Start importing Assets/Prefabs/Cubes/2 Variant.prefab using Guid(8fd2468b8e6e55d4d812ea8cb9cfc21f) Importer(815301076,1909f56bfc062723c751e8b465ee728b)  -> (artifact id: '3e6f3a370b68b81b2eeb4276d26cc168') in 0.010738 seconds
  Import took 0.012621 seconds .

